
> library(np)

> data(faithful, package = "datasets")

> fit_udist <- npudist(~eruptions + waiting, data = faithful)

> summary(fit_udist$bws)

Data (272 observations, 2 variable(s)):

Bandwidth Selection Method: Least Squares Cross-Validation
Formula: ~eruptions + waiting
Bandwidth Type: Fixed
Objective Function Value: 0.1678207 (achieved on multistart 2)
Number of Function Evaluations: 296
Evaluation cache (Powell): 41 hits / 225 lookups (18.2%)

Var. Name: eruptions Bandwidth: 0.05767936  Scale Factor: 0.3929368 
Var. Name: waiting   Bandwidth:  0.1862846  Scale Factor: 0.1017621

Continuous Kernel Type: Second-Order Gaussian
No. Continuous Vars.: 2
Estimation Time: 0.084 seconds


> plot(fit_udist, renderer = "rgl")

R version 4.6.1 (2026-06-24)
Platform: aarch64-apple-darwin23
Running under: macOS Tahoe 26.5.2

Matrix products: default
BLAS:   /System/Library/Frameworks/Accelerate.framework/Versions/A/Frameworks/vecLib.framework/Versions/A/libBLAS.dylib 
LAPACK: /Library/Frameworks/R.framework/Versions/4.6/Resources/lib/libRlapack.dylib;  LAPACK version 3.12.1

locale:
[1] C.UTF-8/C.UTF-8/C.UTF-8/C/C.UTF-8/C.UTF-8

time zone: America/Toronto
tzcode source: internal

attached base packages:
[1] stats     graphics  grDevices utils     datasets  methods   base     

other attached packages:
[1] np_0.70-5

loaded via a namespace (and not attached):
 [1] cli_3.6.6          knitr_1.51         rlang_1.3.0        xfun_0.60         
 [5] otel_0.2.0         MatrixModels_0.5-4 jsonlite_2.0.0     htmltools_0.5.9   
 [9] rmarkdown_2.31     quadprog_1.5-8     grid_4.6.1         evaluate_1.0.5    
[13] SparseM_1.84-2     MASS_7.3-66        fastmap_1.2.0      base64enc_0.1-6   
[17] yaml_2.3.12        rgl_1.3.36         compiler_4.6.1     htmlwidgets_1.6.4 
[21] Rcpp_1.1.2         quantreg_6.1       lattice_0.22-9     digest_0.6.39     
[25] R6_2.6.1           splines_4.6.1      cubature_2.1.4-1   magrittr_2.0.5    
[29] Matrix_1.7-5       tools_4.6.1        boot_1.3-32        survival_3.8-9    
