[in#0/caf @ 0x864c20000] Estimating duration from bitrate, this may be inaccurate
[aist#0:0/pcm_f32le @ 0x865400180] Guessed Channel Layout: stereo
Input #0, caf, from 'italy_ordered_numeric_gradients/captures/raw/italy_gradient_cove_take2_full.caf':
  Duration: 00:01:19.82, start: 0.000000, bitrate: 3072 kb/s
  Stream #0:0: Audio: pcm_f32le (lpcm / 0x6D63706C), 48000 Hz, stereo, flt, 3072 kb/s
Stream mapping:
  Stream #0:0 -> #0:0 (pcm_f32le (native) -> pcm_s16le (native))
Press [q] to stop, [?] for help
Output #0, null, to 'pipe:':
  Metadata:
    encoder         : Lavf62.12.102
  Stream #0:0: Audio: pcm_s16le, 192000 Hz, mono, s16, 3072 kb/s
    Metadata:
      encoder         : Lavc62.28.102 pcm_s16le
[Parsed_loudnorm_3 @ 0x864c28c00] 
{
	"input_i" : "-39.52",
	"input_tp" : "-21.08",
	"input_lra" : "1.80",
	"input_thresh" : "-49.67",
	"output_i" : "-16.69",
	"output_tp" : "-1.50",
	"output_lra" : "1.30",
	"output_thresh" : "-26.89",
	"normalization_type" : "dynamic",
	"target_offset" : "0.69"
}
[out#0/null @ 0x864c28240] video:0KiB audio:8452KiB subtitle:0KiB other streams:0KiB global headers:0KiB muxing overhead: unknown
size=N/A time=00:00:22.60 bitrate=N/A speed=60.6x elapsed=0:00:00.37    
