timestamp=2026-07-18 11:11:45 EDT
campaign_library=<campaign-root>/Rlib
R.version.string=R version 4.6.1 (2026-06-24)
platform=aarch64-apple-darwin23
architecture=aarch64
libPaths:
[1] "<campaign-root>/Rlib"
[2] "/Library/Frameworks/R.framework/Versions/4.6/Resources/library"
np.version=0.70.5
np.path=<campaign-root>/Rlib/np
crs.version=0.15.45
crs.path=<campaign-root>/Rlib/crs
BLAS=/System/Library/Frameworks/Accelerate.framework/Versions/A/Frameworks/vecLib.framework/Versions/A/libBLAS.dylib
LAPACK=/Library/Frameworks/R.framework/Versions/4.6/Resources/lib/libRlapack.dylib; version 3.12.1
sessionInfo:
R version 4.6.1 (2026-06-24)
Platform: aarch64-apple-darwin23
Running under: macOS Tahoe 26.5.2

Matrix products: default
BLAS:   /System/Library/Frameworks/Accelerate.framework/Versions/A/Frameworks/vecLib.framework/Versions/A/libBLAS.dylib
LAPACK: /Library/Frameworks/R.framework/Versions/4.6/Resources/lib/libRlapack.dylib;  LAPACK version 3.12.1

locale:
[1] C.UTF-8/C.UTF-8/C.UTF-8/C/C.UTF-8/C.UTF-8

time zone: America/Toronto
tzcode source: internal

attached base packages:
[1] stats     graphics  grDevices utils     datasets  methods   base

loaded via a namespace (and not attached):
[1] compiler_4.6.1
