[in#0/caf @ 0x96c82c000] Estimating duration from bitrate, this may be inaccurate
[aist#0:0/pcm_f32le @ 0x96d408180] Guessed Channel Layout: stereo
Input #0, caf, from '/Users/jracine/Development/tmp/gallery_video_pilot_execution_20260718/old_faithful_nomad_regression/captures/raw/faithful_auto_lp_cove_take2_full.caf':
  Duration: 00:00:53.20, start: 0.000000, bitrate: 3072 kb/s
  Stream #0:0: Audio: pcm_f32le (lpcm / 0x6D63706C), 48000 Hz, stereo, flt, 3072 kb/s
Stream mapping:
  Stream #0:0 -> #0:0 (pcm_f32le (native) -> pcm_s16le (native))
Press [q] to stop, [?] for help
Output #0, wav, to '/Users/jracine/Development/tmp/gallery_video_pilot_execution_20260718/old_faithful_nomad_regression/captures/edited/faithful_auto_lp_cove_narration_master.wav':
  Metadata:
    ISFT            : Lavf62.12.102
  Stream #0:0: Audio: pcm_s16le ([1][0][0][0] / 0x0001), 48000 Hz, mono, s16, 768 kb/s
    Metadata:
      encoder         : Lavc62.28.102 pcm_s16le
[Parsed_loudnorm_3 @ 0x96c821980] 
Input Integrated:    -40.1 LUFS
Input True Peak:     -20.5 dBTP
Input LRA:             2.7 LU
Input Threshold:     -50.2 LUFS

Output Integrated:   -16.7 LUFS
Output True Peak:     -1.5 dBTP
Output LRA:            1.9 LU
Output Threshold:    -27.1 LUFS

Normalization Type:   Dynamic
Target Offset:        +0.7 LU
[out#0/wav @ 0x96c820fc0] video:0KiB audio:2217KiB subtitle:0KiB other streams:0KiB global headers:0KiB muxing overhead: 0.003436%
size=    2217KiB time=00:00:23.70 bitrate= 766.4kbits/s speed=54.2x elapsed=0:00:00.43    
